platform-android/build/intermediates/manifest_merge_blame_file/release/processReleaseManifest/manifest-merger-blame-release-report.txt
1<?xml version="1.0" encoding="utf-8"?>
2<manifest xmlns:android="http://schemas.android.com/apk/res/android"
3    package="com.dhanu.kurio.android" >
4
5    <uses-sdk android:minSdkVersion="26" />
6
7    <uses-permission android:name="android.permission.RECORD_AUDIO" />
7-->src/main/AndroidManifest.xml:4:5-71
7-->src/main/AndroidManifest.xml:4:22-68
8    <uses-permission android:name="android.permission.SYSTEM_ALERT_WINDOW" />
8-->src/main/AndroidManifest.xml:5:5-78
8-->src/main/AndroidManifest.xml:5:22-75
9    <uses-permission android:name="android.permission.FOREGROUND_SERVICE" />
9-->src/main/AndroidManifest.xml:6:5-77
9-->src/main/AndroidManifest.xml:6:22-74
10    <uses-permission android:name="android.permission.FOREGROUND_SERVICE_MICROPHONE" />
10-->src/main/AndroidManifest.xml:7:5-88
10-->src/main/AndroidManifest.xml:7:22-85
11    <uses-permission android:name="android.permission.POST_NOTIFICATIONS" />
11-->src/main/AndroidManifest.xml:8:5-77
11-->src/main/AndroidManifest.xml:8:22-74
12    <uses-permission android:name="android.permission.VIBRATE" />
12-->src/main/AndroidManifest.xml:9:5-66
12-->src/main/AndroidManifest.xml:9:22-63
13
14</manifest>